<?xml version="1.0" encoding="UTF-8"?>
<!-- Generated by org.testng.reporters.JUnitXMLReporter -->
<testsuite hostname="DESKTOP-D3VGBF1" failures="0" tests="3" name="Automation" time="50.552" errors="0" timestamp="17 Oct 2022 06:09:03 GMT">
  <testcase classname="com.hrms.testscripts.TC001_Loginlogout" name="tc001" time="18.545"/>
  <testcase classname="com.hrms.testscripts.TC002_addemp" name="tc002" time="11.7"/>
  <testcase classname="com.hrms.testscripts.TC003_editemp" name="TC003" time="20.285"/>
</testsuite> <!-- Automation -->
