<?xml version="1.0" encoding="UTF-8"?>
<testng-results total="3" passed="3" failed="0" skipped="0">
  <reporter-output>
  </reporter-output>
  <suite started-at="2022-10-17T06:08:12Z" name="Suite1" finished-at="2022-10-17T06:09:03Z" duration-ms="50552">
    <groups>
    </groups>
    <test started-at="2022-10-17T06:08:12Z" name="Automation" finished-at="2022-10-17T06:09:03Z" duration-ms="50552">
      <class name="com.hrms.testscripts.TC001_Loginlogout">
        <test-method signature="tc001()[pri:0, instance:com.hrms.testscripts.TC001_Loginlogout@225129c]" started-at="2022-10-17T11:38:12Z" name="tc001" finished-at="2022-10-17T11:38:31Z" duration-ms="18545" status="PASS">
          <reporter-output>
          </reporter-output>
        </test-method> <!-- tc001 -->
      </class> <!-- com.hrms.testscripts.TC001_Loginlogout -->
      <class name="com.hrms.testscripts.TC002_addemp">
        <test-method signature="tc002()[pri:0, instance:com.hrms.testscripts.TC002_addemp@7fbdb894]" started-at="2022-10-17T11:38:31Z" name="tc002" finished-at="2022-10-17T11:38:43Z" duration-ms="11700" status="PASS">
          <reporter-output>
          </reporter-output>
        </test-method> <!-- tc002 -->
      </class> <!-- com.hrms.testscripts.TC002_addemp -->
      <class name="com.hrms.testscripts.TC003_editemp">
        <test-method signature="TC003()[pri:0, instance:com.hrms.testscripts.TC003_editemp@3081f72c]" started-at="2022-10-17T11:38:43Z" name="TC003" finished-at="2022-10-17T11:39:03Z" duration-ms="20285" status="PASS">
          <reporter-output>
          </reporter-output>
        </test-method> <!-- TC003 -->
      </class> <!-- com.hrms.testscripts.TC003_editemp -->
    </test> <!-- Automation -->
  </suite> <!-- Suite1 -->
</testng-results>
